02.02.2024 18:34:17.150 [main] INFO   r.n.c.z.f.Main - start process with:
02.02.2024 18:34:17.152 [main] INFO   r.n.c.z.f.Main - input=null
02.02.2024 18:34:17.152 [main] INFO   r.n.c.z.f.Main - output=null
02.02.2024 18:34:17.153 [main] INFO   r.n.c.z.f.Main - commands properties=commands.properties
02.02.2024 18:34:17.155 [main] ERROR  r.n.c.z.f.Main - process finished with exception 
java.lang.NullPointerException: Cannot invoke "String.isEmpty()" because "kOutputPath" is null
	at ru.nsu.ccfit.zhdanov.firstAttemp.process.CalcProcess.process(CalcProcess.java:23)
	at ru.nsu.ccfit.zhdanov.firstAttemp.Main.main(Main.java:38)
02.02.2024 18:35:12.137 [main] INFO   r.n.c.z.f.Main - start process with:
02.02.2024 18:35:12.139 [main] INFO   r.n.c.z.f.Main - input=null
02.02.2024 18:35:12.139 [main] INFO   r.n.c.z.f.Main - output=null
02.02.2024 18:35:12.140 [main] INFO   r.n.c.z.f.Main - commands properties=commands.properties
02.02.2024 18:35:42.359 [main] INFO   r.n.c.z.f.Main - start process with:
02.02.2024 18:35:42.361 [main] INFO   r.n.c.z.f.Main - input=in.txt
02.02.2024 18:35:42.362 [main] INFO   r.n.c.z.f.Main - output=out.txt
02.02.2024 18:35:42.362 [main] INFO   r.n.c.z.f.Main - commands properties=commands.properties
02.02.2024 18:35:42.379 [main] DEBUG  r.n.c.z.f.c.Context - values: [10.0]
02.02.2024 18:35:42.380 [main] INFO   r.n.c.z.f.p.CalcProcess - run command: push with args [10]
02.02.2024 18:35:42.380 [main] DEBUG  r.n.c.z.f.c.Context - values: [10.0, 9.0]
02.02.2024 18:35:42.380 [main] INFO   r.n.c.z.f.p.CalcProcess - run command: push with args [9]
02.02.2024 18:35:42.381 [main] DEBUG  r.n.c.z.f.c.Context - values: [19.0]
02.02.2024 18:35:42.382 [main] INFO   r.n.c.z.f.p.CalcProcess - run command: + with args []
02.02.2024 18:35:42.383 [main] INFO   r.n.c.z.f.p.CalcProcess - run command: print with args []
02.02.2024 18:36:57.072 [main] INFO   r.n.c.z.f.Main - start process with:
02.02.2024 18:36:57.075 [main] INFO   r.n.c.z.f.Main - input=in.txt
02.02.2024 18:36:57.075 [main] INFO   r.n.c.z.f.Main - output=out.txt
02.02.2024 18:36:57.076 [main] INFO   r.n.c.z.f.Main - commands properties=commands.properties
02.02.2024 18:36:57.091 [main] DEBUG  r.n.c.z.f.c.Context - values: [10.0]
02.02.2024 18:36:57.092 [main] INFO   r.n.c.z.f.p.CalcProcess - run command: "push" with args [10]
02.02.2024 18:36:57.093 [main] DEBUG  r.n.c.z.f.c.Context - values: [10.0, 9.0]
02.02.2024 18:36:57.093 [main] INFO   r.n.c.z.f.p.CalcProcess - run command: "push" with args [9]
02.02.2024 18:36:57.094 [main] DEBUG  r.n.c.z.f.c.Context - values: [19.0]
02.02.2024 18:36:57.094 [main] INFO   r.n.c.z.f.p.CalcProcess - run command: "+" with args []
02.02.2024 18:36:57.095 [main] INFO   r.n.c.z.f.p.CalcProcess - run command: "print" with args []
02.02.2024 18:37:40.289 [main] INFO   r.n.c.z.f.Main - start process with:
02.02.2024 18:37:40.292 [main] INFO   r.n.c.z.f.Main - input=in.txt
02.02.2024 18:37:40.297 [main] INFO   r.n.c.z.f.Main - output=out.txt
02.02.2024 18:37:40.297 [main] INFO   r.n.c.z.f.Main - commands properties=commands.properties
02.02.2024 18:37:40.316 [main] DEBUG  r.n.c.z.f.c.Context - values: [10.0]
02.02.2024 18:37:40.317 [main] INFO   r.n.c.z.f.p.CalcProcess - run command: "push" with args [10]
02.02.2024 18:37:40.318 [main] DEBUG  r.n.c.z.f.c.Context - values: [10.0, 9.0]
02.02.2024 18:37:40.318 [main] INFO   r.n.c.z.f.p.CalcProcess - run command: "push" with args [9]
02.02.2024 18:37:54.097 [main] DEBUG  r.n.c.z.f.c.Context - values: [19.0]
02.02.2024 18:38:17.374 [main] INFO   r.n.c.z.f.p.CalcProcess - run command: "+" with args []
02.02.2024 18:39:23.065 [main] INFO   r.n.c.z.f.p.CalcProcess - run command: "print" with args []
02.02.2024 18:39:27.406 [main] INFO   r.n.c.z.f.Main - start process with:
02.02.2024 18:39:27.408 [main] INFO   r.n.c.z.f.Main - input=in.txt
02.02.2024 18:39:27.408 [main] INFO   r.n.c.z.f.Main - output=out.txt
02.02.2024 18:39:27.409 [main] INFO   r.n.c.z.f.Main - commands properties=commands.properties
02.02.2024 18:39:27.425 [main] DEBUG  r.n.c.z.f.c.Context - values: [10.0]
02.02.2024 18:39:27.425 [main] INFO   r.n.c.z.f.p.CalcProcess - run command: "push" with args [10]
02.02.2024 18:39:27.426 [main] DEBUG  r.n.c.z.f.c.Context - values: [10.0, 9.0]
02.02.2024 18:39:27.426 [main] INFO   r.n.c.z.f.p.CalcProcess - run command: "push" with args [9]
02.02.2024 18:39:27.427 [main] DEBUG  r.n.c.z.f.c.Context - values: [19.0]
02.02.2024 18:39:27.428 [main] INFO   r.n.c.z.f.p.CalcProcess - run command: "+" with args []
02.02.2024 18:39:27.429 [main] INFO   r.n.c.z.f.p.CalcProcess - run command: "print" with args []
02.02.2024 18:41:14.851 [main] INFO   r.n.c.z.f.Main - start process with:
02.02.2024 18:41:14.853 [main] INFO   r.n.c.z.f.Main - input=in.txt
02.02.2024 18:41:14.853 [main] INFO   r.n.c.z.f.Main - output=out.txt
02.02.2024 18:41:14.853 [main] INFO   r.n.c.z.f.Main - commands properties=commands.properties
02.02.2024 18:41:14.869 [main] INFO   r.n.c.z.f.p.CalcProcess - run command: "define" with args [a, 90]
02.02.2024 18:41:14.871 [main] DEBUG  r.n.c.z.f.c.Context - values: [10.0]
02.02.2024 18:41:14.871 [main] INFO   r.n.c.z.f.p.CalcProcess - run command: "push" with args [10]
02.02.2024 18:41:14.872 [main] DEBUG  r.n.c.z.f.c.Context - values: [10.0, 90.0]
02.02.2024 18:41:14.872 [main] INFO   r.n.c.z.f.p.CalcProcess - run command: "push" with args [a]
02.02.2024 18:41:14.873 [main] DEBUG  r.n.c.z.f.c.Context - values: [100.0]
02.02.2024 18:41:14.873 [main] INFO   r.n.c.z.f.p.CalcProcess - run command: "+" with args []
02.02.2024 18:41:14.874 [main] INFO   r.n.c.z.f.p.CalcProcess - run command: "print" with args []
02.02.2024 18:41:32.813 [main] INFO   r.n.c.z.f.Main - start process with:
02.02.2024 18:41:32.815 [main] INFO   r.n.c.z.f.Main - input=in.txt
02.02.2024 18:41:32.815 [main] INFO   r.n.c.z.f.Main - output=out.txt
02.02.2024 18:41:32.815 [main] INFO   r.n.c.z.f.Main - commands properties=commands.properties
02.02.2024 18:41:32.835 [main] INFO   r.n.c.z.f.p.CalcProcess - run command: "define" with args [a, 90]
02.02.2024 18:41:32.837 [main] DEBUG  r.n.c.z.f.c.Context - values: [10.0]
02.02.2024 18:41:32.838 [main] INFO   r.n.c.z.f.p.CalcProcess - run command: "push" with args [10]
02.02.2024 18:41:32.838 [main] DEBUG  r.n.c.z.f.c.Context - values: [10.0, 90.0]
02.02.2024 18:41:32.838 [main] INFO   r.n.c.z.f.p.CalcProcess - run command: "push" with args [a]
02.02.2024 18:41:32.839 [main] ERROR  r.n.c.z.f.Main - process finished with exception 
java.lang.NumberFormatException: For input string: "b"
	at java.base/jdk.internal.math.FloatingDecimal.readJavaFormatString(FloatingDecimal.java:2054)
	at java.base/jdk.internal.math.FloatingDecimal.parseDouble(FloatingDecimal.java:110)
	at java.base/java.lang.Double.parseDouble(Double.java:792)
	at ru.nsu.ccfit.zhdanov.firstAttemp.commands.Push.perform(Push.java:15)
	at ru.nsu.ccfit.zhdanov.firstAttemp.process.CalcProcess.process(CalcProcess.java:40)
	at ru.nsu.ccfit.zhdanov.firstAttemp.Main.main(Main.java:38)
02.02.2024 18:50:14.097 [main] INFO   r.n.c.z.f.Main - start process with:
02.02.2024 18:50:14.099 [main] INFO   r.n.c.z.f.Main - input=in.txt
02.02.2024 18:50:14.099 [main] INFO   r.n.c.z.f.Main - output=out.txt
02.02.2024 18:50:14.099 [main] INFO   r.n.c.z.f.Main - commands properties=commands.properties
02.02.2024 18:50:14.115 [main] INFO   r.n.c.z.f.p.CalcProcess - run command: "define" with args [a, 90]
02.02.2024 18:50:14.118 [main] DEBUG  r.n.c.z.f.c.Context - values: [10.0]
02.02.2024 18:50:14.118 [main] INFO   r.n.c.z.f.p.CalcProcess - run command: "push" with args [10]
02.02.2024 18:50:14.118 [main] DEBUG  r.n.c.z.f.c.Context - values: [10.0, 90.0]
02.02.2024 18:50:14.118 [main] INFO   r.n.c.z.f.p.CalcProcess - run command: "push" with args [a]
02.02.2024 18:50:14.119 [main] ERROR  r.n.c.z.f.p.CalcProcess - unable to run command: push
ru.nsu.ccfit.zhdanov.firstAttemp.commands.exceptions.IncorrectVariable: Command exception: Incorrect defined variable b
	at ru.nsu.ccfit.zhdanov.firstAttemp.commands.Push.perform(Push.java:21)
	at ru.nsu.ccfit.zhdanov.firstAttemp.process.CalcProcess.process(CalcProcess.java:40)
	at ru.nsu.ccfit.zhdanov.firstAttemp.Main.main(Main.java:38)
02.02.2024 18:50:14.123 [main] DEBUG  r.n.c.z.f.c.Context - values: [100.0]
02.02.2024 18:50:14.123 [main] INFO   r.n.c.z.f.p.CalcProcess - run command: "+" with args []
02.02.2024 18:50:14.124 [main] INFO   r.n.c.z.f.p.CalcProcess - run command: "print" with args []
02.02.2024 18:51:29.380 [main] INFO   r.n.c.z.f.Main - start process with:
02.02.2024 18:51:29.383 [main] INFO   r.n.c.z.f.Main - input=in.txt
02.02.2024 18:51:29.383 [main] INFO   r.n.c.z.f.Main - output=out.txt
02.02.2024 18:51:29.383 [main] INFO   r.n.c.z.f.Main - commands properties=commands.properties
02.02.2024 18:51:29.399 [main] INFO   r.n.c.z.f.p.CalcProcess - run command: "define" with args [a, 90]
02.02.2024 18:51:29.401 [main] DEBUG  r.n.c.z.f.c.Context - values: [10.0]
02.02.2024 18:51:29.402 [main] INFO   r.n.c.z.f.p.CalcProcess - run command: "push" with args [10]
02.02.2024 18:51:29.402 [main] DEBUG  r.n.c.z.f.c.Context - values: [10.0, 90.0]
02.02.2024 18:51:29.402 [main] INFO   r.n.c.z.f.p.CalcProcess - run command: "push" with args [a]
02.02.2024 18:51:29.403 [main] ERROR  r.n.c.z.f.p.CalcProcess - unable to run command: push
ru.nsu.ccfit.zhdanov.firstAttemp.commands.exceptions.IncorrectVariable: Command exception: Incorrect defined variable b
	at ru.nsu.ccfit.zhdanov.firstAttemp.commands.Push.perform(Push.java:20)
	at ru.nsu.ccfit.zhdanov.firstAttemp.process.CalcProcess.process(CalcProcess.java:40)
	at ru.nsu.ccfit.zhdanov.firstAttemp.Main.main(Main.java:38)
02.02.2024 18:51:29.406 [main] DEBUG  r.n.c.z.f.c.Context - values: [100.0]
02.02.2024 18:51:29.407 [main] INFO   r.n.c.z.f.p.CalcProcess - run command: "+" with args []
02.02.2024 18:51:29.408 [main] INFO   r.n.c.z.f.p.CalcProcess - run command: "print" with args []
02.02.2024 18:52:24.383 [main] INFO   r.n.c.z.f.Main - start process with:
02.02.2024 18:52:24.386 [main] INFO   r.n.c.z.f.Main - input=in.txt
02.02.2024 18:52:24.386 [main] INFO   r.n.c.z.f.Main - output=out.txt
02.02.2024 18:52:24.386 [main] INFO   r.n.c.z.f.Main - commands properties=commands.properties
02.02.2024 18:52:24.400 [main] INFO   r.n.c.z.f.p.CalcProcess - run command: "define" with args [a, 90]
02.02.2024 18:52:24.409 [main] INFO   r.n.c.z.f.p.CalcProcess - run command: "push" with args [10]
02.02.2024 18:52:24.410 [main] DEBUG  r.n.c.z.f.c.Context - values: [10.0]
02.02.2024 18:52:24.411 [main] INFO   r.n.c.z.f.p.CalcProcess - run command: "push" with args [a]
02.02.2024 18:52:24.411 [main] DEBUG  r.n.c.z.f.c.Context - values: [10.0, 90.0]
02.02.2024 18:52:24.412 [main] INFO   r.n.c.z.f.p.CalcProcess - run command: "push" with args [b]
02.02.2024 18:52:24.413 [main] ERROR  r.n.c.z.f.p.CalcProcess - unable to run command: push
ru.nsu.ccfit.zhdanov.firstAttemp.commands.exceptions.IncorrectVariable: Command exception: Incorrect defined variable b
	at ru.nsu.ccfit.zhdanov.firstAttemp.commands.Push.perform(Push.java:20)
	at ru.nsu.ccfit.zhdanov.firstAttemp.process.CalcProcess.process(CalcProcess.java:41)
	at ru.nsu.ccfit.zhdanov.firstAttemp.Main.main(Main.java:38)
02.02.2024 18:52:24.418 [main] INFO   r.n.c.z.f.p.CalcProcess - run command: "+" with args []
02.02.2024 18:52:24.418 [main] DEBUG  r.n.c.z.f.c.Context - values: [100.0]
02.02.2024 18:52:24.420 [main] INFO   r.n.c.z.f.p.CalcProcess - run command: "print" with args []
